<?xml version="1.0" encoding="UTF-8"?>
<testsuite name="hello.hellospring.service.MemberServiceIntegrationTest" tests="2" skipped="0" failures="0" errors="0" timestamp="2021-05-02T13:28:18" hostname="HwangSeungyeonnoMacBook-Pro.local" time="0.416">
  <properties/>
  <testcase name="join()" classname="hello.hellospring.service.MemberServiceIntegrationTest" time="0.391"/>
  <testcase name="duplicated_Exception()" classname="hello.hellospring.service.MemberServiceIntegrationTest" time="0.023"/>
  <system-out><![CDATA[22:28:14.263 [Test worker] DEBUG org.springframework.test.context.BootstrapUtils - Instantiating CacheAwareContextLoaderDelegate from class [org.springframework.test.context.cache.DefaultCacheAwareContextLoaderDelegate]
22:28:14.279 [Test worker] DEBUG org.springframework.test.context.BootstrapUtils - Instantiating BootstrapContext using constructor [public org.springframework.test.context.support.DefaultBootstrapContext(java.lang.Class,org.springframework.test.context.CacheAwareContextLoaderDelegate)]
22:28:14.324 [Test worker] DEBUG org.springframework.test.context.BootstrapUtils - Instantiating TestContextBootstrapper for test class [hello.hellospring.service.MemberServiceIntegrationTest] from class [org.springframework.boot.test.context.SpringBootTestContextBootstrapper]
22:28:14.339 [Test worker] INFO org.springframework.boot.test.context.SpringBootTestContextBootstrapper - Neither @ContextConfiguration nor @ContextHierarchy found for test class [hello.hellospring.service.MemberServiceIntegrationTest], using SpringBootContextLoader
22:28:14.344 [Test worker] DEBUG org.springframework.test.context.support.AbstractContextLoader - Did not detect default resource location for test class [hello.hellospring.service.MemberServiceIntegrationTest]: class path resource [hello/hellospring/service/MemberServiceIntegrationTest-context.xml] does not exist
22:28:14.345 [Test worker] DEBUG org.springframework.test.context.support.AbstractContextLoader - Did not detect default resource location for test class [hello.hellospring.service.MemberServiceIntegrationTest]: class path resource [hello/hellospring/service/MemberServiceIntegrationTestContext.groovy] does not exist
22:28:14.345 [Test worker] INFO org.springframework.test.context.support.AbstractContextLoader - Could not detect default resource locations for test class [hello.hellospring.service.MemberServiceIntegrationTest]: no resource found for suffixes {-context.xml, Context.groovy}.
22:28:14.346 [Test worker] INFO org.springframework.test.context.support.AnnotationConfigContextLoaderUtils - Could not detect default configuration classes for test class [hello.hellospring.service.MemberServiceIntegrationTest]: MemberServiceIntegrationTest does not declare any static, non-private, non-final, nested classes annotated with @Configuration.
22:28:14.411 [Test worker] DEBUG org.springframework.test.context.support.ActiveProfilesUtils - Could not find an 'annotation declaring class' for annotation type [org.springframework.test.context.ActiveProfiles] and class [hello.hellospring.service.MemberServiceIntegrationTest]
22:28:14.519 [Test worker] DEBUG org.springframework.context.annotation.ClassPathScanningCandidateComponentProvider - Identified candidate component class: file [/Users/hwang/Desktop/spring-study-web-application/build/classes/java/main/hello/hellospring/HelloSpringApplication.class]
22:28:14.520 [Test worker] INFO org.springframework.boot.test.context.SpringBootTestContextBootstrapper - Found @SpringBootConfiguration hello.hellospring.HelloSpringApplication for test class hello.hellospring.service.MemberServiceIntegrationTest
22:28:14.662 [Test worker] DEBUG org.springframework.boot.test.context.SpringBootTestContextBootstrapper - @TestExecutionListeners is not present for class [hello.hellospring.service.MemberServiceIntegrationTest]: using defaults.
22:28:14.663 [Test worker] INFO org.springframework.boot.test.context.SpringBootTestContextBootstrapper - Loaded default TestExecutionListener class names from location [META-INF/spring.factories]: [org.springframework.boot.test.autoconfigure.restdocs.RestDocsTestExecutionListener, org.springframework.boot.test.autoconfigure.web.client.MockRestServiceServerResetTestExecutionListener, org.springframework.boot.test.autoconfigure.web.servlet.MockMvcPrintOnlyOnFailureTestExecutionListener, org.springframework.boot.test.autoconfigure.web.servlet.WebDriverTestExecutionListener, org.springframework.boot.test.autoconfigure.webservices.client.MockWebServiceServerTestExecutionListener, org.springframework.boot.test.mock.mockito.MockitoTestExecutionListener, org.springframework.boot.test.mock.mockito.ResetMocksTestExecutionListener, org.springframework.test.context.web.ServletTestExecutionListener, org.springframework.test.context.support.DirtiesContextBeforeModesTestExecutionListener, org.springframework.test.context.event.ApplicationEventsTestExecutionListener, org.springframework.test.context.support.DependencyInjectionTestExecutionListener, org.springframework.test.context.support.DirtiesContextTestExecutionListener, org.springframework.test.context.transaction.TransactionalTestExecutionListener, org.springframework.test.context.jdbc.SqlScriptsTestExecutionListener, org.springframework.test.context.event.EventPublishingTestExecutionListener]
22:28:14.683 [Test worker] INFO org.springframework.boot.test.context.SpringBootTestContextBootstrapper - Using TestExecutionListeners: [org.springframework.test.context.web.ServletTestExecutionListener@484feece, org.springframework.test.context.support.DirtiesContextBeforeModesTestExecutionListener@4e2cf4a8, org.springframework.test.context.event.ApplicationEventsTestExecutionListener@6a5e05a5, org.springframework.boot.test.mock.mockito.MockitoTestExecutionListener@4784d5d4, org.springframework.boot.test.autoconfigure.SpringBootDependencyInjectionTestExecutionListener@700a7a74, org.springframework.test.context.support.DirtiesContextTestExecutionListener@59aa5969, org.springframework.test.context.transaction.TransactionalTestExecutionListener@43431cd4, org.springframework.test.context.jdbc.SqlScriptsTestExecutionListener@22084b1d, org.springframework.test.context.event.EventPublishingTestExecutionListener@1724cf2, org.springframework.boot.test.autoconfigure.restdocs.RestDocsTestExecutionListener@a982ca4, org.springframework.boot.test.autoconfigure.web.client.MockRestServiceServerResetTestExecutionListener@5166349f, org.springframework.boot.test.autoconfigure.web.servlet.MockMvcPrintOnlyOnFailureTestExecutionListener@3156cd0d, org.springframework.boot.test.autoconfigure.web.servlet.WebDriverTestExecutionListener@22500209, org.springframework.boot.test.autoconfigure.webservices.client.MockWebServiceServerTestExecutionListener@6966f7eb, org.springframework.boot.test.mock.mockito.ResetMocksTestExecutionListener@9c4e494]
22:28:14.686 [Test worker] DEBUG org.springframework.test.context.support.AbstractDirtiesContextTestExecutionListener - Before test class: context [DefaultTestContext@61aaab16 testClass = MemberServiceIntegrationTest, testInstance = [null], testMethod = [null], testException = [null], mergedContextConfiguration = [WebMergedContextConfiguration@507e1ab1 testClass = MemberServiceIntegrationTest, locations = '{}', classes = '{class hello.hellospring.HelloSpringApplication}', contextInitializerClasses = '[]', activeProfiles = '{}', propertySourceLocations = '{}', propertySourceProperties = '{org.springframework.boot.test.context.SpringBootTestContextBootstrapper=true}', contextCustomizers = set[org.springframework.boot.test.autoconfigure.actuate.metrics.MetricsExportContextCustomizerFactory$DisableMetricExportContextCustomizer@5d367e0c, org.springframework.boot.test.autoconfigure.properties.PropertyMappingContextCustomizer@0, org.springframework.boot.test.autoconfigure.web.servlet.WebDriverContextCustomizerFactory$Customizer@5128fcf7, org.springframework.boot.test.context.filter.ExcludeFilterContextCustomizer@78ba1e5, org.springframework.boot.test.json.DuplicateJsonObjectContextCustomizerFactory$DuplicateJsonObjectContextCustomizer@27e8bb93, org.springframework.boot.test.mock.mockito.MockitoContextCustomizer@0, org.springframework.boot.test.web.client.TestRestTemplateContextCustomizer@7ecff6bd, org.springframework.boot.test.context.SpringBootTestArgs@1, org.springframework.boot.test.context.SpringBootTestWebEnvironment@111ec2da], resourceBasePath = 'src/main/webapp', contextLoader = 'org.springframework.boot.test.context.SpringBootContextLoader', parent = [null]], attributes = map['org.springframework.test.context.web.ServletTestExecutionListener.activateListener' -> true]], class annotated with @DirtiesContext [false] with mode [null].
22:28:14.724 [Test worker] DEBUG org.springframework.test.context.support.TestPropertySourceUtils - Adding inlined properties to environment: {spring.jmx.enabled=false, org.springframework.boot.test.context.SpringBootTestContextBootstrapper=true}

  .   ____          _            __ _ _
 /\\ / ___'_ __ _ _(_)_ __  __ _ \ \ \ \
( ( )\___ | '_ | '_| | '_ \/ _` | \ \ \ \
 \\/  ___)| |_)| | | | | || (_| |  ) ) ) )
  '  |____| .__|_| |_|_| |_\__, | / / / /
 =========|_|==============|___/=/_/_/_/
 :: Spring Boot ::                (v2.4.5)

2021-05-02 22:28:15.080  INFO 18137 --- [    Test worker] h.h.s.MemberServiceIntegrationTest       : Starting MemberServiceIntegrationTest using Java 11.0.9 on HwangSeungyeonnoMacBook-Pro.local with PID 18137 (started by hwang in /Users/hwang/Desktop/spring-study-web-application)
2021-05-02 22:28:15.082  INFO 18137 --- [    Test worker] h.h.s.MemberServiceIntegrationTest       : No active profile set, falling back to default profiles: default
2021-05-02 22:28:15.781  INFO 18137 --- [    Test worker] .s.d.r.c.RepositoryConfigurationDelegate : Bootstrapping Spring Data JPA repositories in DEFAULT mode.
2021-05-02 22:28:15.830  INFO 18137 --- [    Test worker] .s.d.r.c.RepositoryConfigurationDelegate : Finished Spring Data repository scanning in 42 ms. Found 1 JPA repository interfaces.
2021-05-02 22:28:16.465  INFO 18137 --- [    Test worker] o.hibernate.jpa.internal.util.LogHelper  : HHH000204: Processing PersistenceUnitInfo [name: default]
2021-05-02 22:28:16.539  INFO 18137 --- [    Test worker] org.hibernate.Version                    : HHH000412: Hibernate ORM core version 5.4.30.Final
2021-05-02 22:28:16.730  INFO 18137 --- [    Test worker] o.hibernate.annotations.common.Version   : HCANN000001: Hibernate Commons Annotations {5.1.2.Final}
2021-05-02 22:28:16.850  INFO 18137 --- [    Test worker] com.zaxxer.hikari.HikariDataSource       : HikariPool-1 - Starting...
2021-05-02 22:28:16.938  INFO 18137 --- [    Test worker] com.zaxxer.hikari.HikariDataSource       : HikariPool-1 - Start completed.
2021-05-02 22:28:16.982  INFO 18137 --- [    Test worker] org.hibernate.dialect.Dialect            : HHH000400: Using dialect: org.hibernate.dialect.H2Dialect
2021-05-02 22:28:17.621  INFO 18137 --- [    Test worker] o.h.e.t.j.p.i.JtaPlatformInitiator       : HHH000490: Using JtaPlatform implementation: [org.hibernate.engine.transaction.jta.platform.internal.NoJtaPlatform]
2021-05-02 22:28:17.632  INFO 18137 --- [    Test worker] j.LocalContainerEntityManagerFactoryBean : Initialized JPA EntityManagerFactory for persistence unit 'default'
2021-05-02 22:28:18.172  WARN 18137 --- [    Test worker] JpaBaseConfiguration$JpaWebConfiguration : spring.jpa.open-in-view is enabled by default. Therefore, database queries may be performed during view rendering. Explicitly configure spring.jpa.open-in-view to disable this warning
2021-05-02 22:28:18.408  INFO 18137 --- [    Test worker] o.s.s.concurrent.ThreadPoolTaskExecutor  : Initializing ExecutorService 'applicationTaskExecutor'
2021-05-02 22:28:18.558  INFO 18137 --- [    Test worker] o.s.b.a.w.s.WelcomePageHandlerMapping    : Adding welcome page: class path resource [static/index.html]
2021-05-02 22:28:18.879  INFO 18137 --- [    Test worker] h.h.s.MemberServiceIntegrationTest       : Started MemberServiceIntegrationTest in 4.146 seconds (JVM running for 5.667)
2021-05-02 22:28:18.922  INFO 18137 --- [    Test worker] o.s.t.c.transaction.TransactionContext   : Began transaction (1) for test context [DefaultTestContext@61aaab16 testClass = MemberServiceIntegrationTest, testInstance = hello.hellospring.service.MemberServiceIntegrationTest@4adf5b73, testMethod = join@MemberServiceIntegrationTest, testException = [null], mergedContextConfiguration = [WebMergedContextConfiguration@507e1ab1 testClass = MemberServiceIntegrationTest, locations = '{}', classes = '{class hello.hellospring.HelloSpringApplication}', contextInitializerClasses = '[]', activeProfiles = '{}', propertySourceLocations = '{}', propertySourceProperties = '{org.springframework.boot.test.context.SpringBootTestContextBootstrapper=true}', contextCustomizers = set[org.springframework.boot.test.autoconfigure.actuate.metrics.MetricsExportContextCustomizerFactory$DisableMetricExportContextCustomizer@5d367e0c, org.springframework.boot.test.autoconfigure.properties.PropertyMappingContextCustomizer@0, org.springframework.boot.test.autoconfigure.web.servlet.WebDriverContextCustomizerFactory$Customizer@5128fcf7, org.springframework.boot.test.context.filter.ExcludeFilterContextCustomizer@78ba1e5, org.springframework.boot.test.json.DuplicateJsonObjectContextCustomizerFactory$DuplicateJsonObjectContextCustomizer@27e8bb93, org.springframework.boot.test.mock.mockito.MockitoContextCustomizer@0, org.springframework.boot.test.web.client.TestRestTemplateContextCustomizer@7ecff6bd, org.springframework.boot.test.context.SpringBootTestArgs@1, org.springframework.boot.test.context.SpringBootTestWebEnvironment@111ec2da], resourceBasePath = 'src/main/webapp', contextLoader = 'org.springframework.boot.test.context.SpringBootContextLoader', parent = [null]], attributes = map['org.springframework.test.context.web.ServletTestExecutionListener.activateListener' -> true, 'org.springframework.test.context.web.ServletTestExecutionListener.populatedRequestContextHolder' -> true, 'org.springframework.test.context.web.ServletTestExecutionListener.resetRequestContextHolder' -> true, 'org.springframework.test.context.event.ApplicationEventsTestExecutionListener.recordApplicationEvents' -> false]]; transaction manager [org.springframework.orm.jpa.JpaTransactionManager@194f90b2]; rollback [true]
Hibernate: select member0_.id as id1_0_, member0_.name as name2_0_ from member member0_ where member0_.name=?
Hibernate: insert into member (id, name) values (null, ?)
2021-05-02 22:28:19.291  INFO 18137 --- [    Test worker] o.s.t.c.transaction.TransactionContext   : Rolled back transaction for test: [DefaultTestContext@61aaab16 testClass = MemberServiceIntegrationTest, testInstance = hello.hellospring.service.MemberServiceIntegrationTest@4adf5b73, testMethod = join@MemberServiceIntegrationTest, testException = [null], mergedContextConfiguration = [WebMergedContextConfiguration@507e1ab1 testClass = MemberServiceIntegrationTest, locations = '{}', classes = '{class hello.hellospring.HelloSpringApplication}', contextInitializerClasses = '[]', activeProfiles = '{}', propertySourceLocations = '{}', propertySourceProperties = '{org.springframework.boot.test.context.SpringBootTestContextBootstrapper=true}', contextCustomizers = set[org.springframework.boot.test.autoconfigure.actuate.metrics.MetricsExportContextCustomizerFactory$DisableMetricExportContextCustomizer@5d367e0c, org.springframework.boot.test.autoconfigure.properties.PropertyMappingContextCustomizer@0, org.springframework.boot.test.autoconfigure.web.servlet.WebDriverContextCustomizerFactory$Customizer@5128fcf7, org.springframework.boot.test.context.filter.ExcludeFilterContextCustomizer@78ba1e5, org.springframework.boot.test.json.DuplicateJsonObjectContextCustomizerFactory$DuplicateJsonObjectContextCustomizer@27e8bb93, org.springframework.boot.test.mock.mockito.MockitoContextCustomizer@0, org.springframework.boot.test.web.client.TestRestTemplateContextCustomizer@7ecff6bd, org.springframework.boot.test.context.SpringBootTestArgs@1, org.springframework.boot.test.context.SpringBootTestWebEnvironment@111ec2da], resourceBasePath = 'src/main/webapp', contextLoader = 'org.springframework.boot.test.context.SpringBootContextLoader', parent = [null]], attributes = map['org.springframework.test.context.web.ServletTestExecutionListener.activateListener' -> true, 'org.springframework.test.context.web.ServletTestExecutionListener.populatedRequestContextHolder' -> true, 'org.springframework.test.context.web.ServletTestExecutionListener.resetRequestContextHolder' -> true, 'org.springframework.test.context.event.ApplicationEventsTestExecutionListener.recordApplicationEvents' -> false]]
2021-05-02 22:28:19.302  INFO 18137 --- [    Test worker] o.s.t.c.transaction.TransactionContext   : Began transaction (1) for test context [DefaultTestContext@61aaab16 testClass = MemberServiceIntegrationTest, testInstance = hello.hellospring.service.MemberServiceIntegrationTest@3552f78e, testMethod = duplicated_Exception@MemberServiceIntegrationTest, testException = [null], mergedContextConfiguration = [WebMergedContextConfiguration@507e1ab1 testClass = MemberServiceIntegrationTest, locations = '{}', classes = '{class hello.hellospring.HelloSpringApplication}', contextInitializerClasses = '[]', activeProfiles = '{}', propertySourceLocations = '{}', propertySourceProperties = '{org.springframework.boot.test.context.SpringBootTestContextBootstrapper=true}', contextCustomizers = set[org.springframework.boot.test.autoconfigure.actuate.metrics.MetricsExportContextCustomizerFactory$DisableMetricExportContextCustomizer@5d367e0c, org.springframework.boot.test.autoconfigure.properties.PropertyMappingContextCustomizer@0, org.springframework.boot.test.autoconfigure.web.servlet.WebDriverContextCustomizerFactory$Customizer@5128fcf7, org.springframework.boot.test.context.filter.ExcludeFilterContextCustomizer@78ba1e5, org.springframework.boot.test.json.DuplicateJsonObjectContextCustomizerFactory$DuplicateJsonObjectContextCustomizer@27e8bb93, org.springframework.boot.test.mock.mockito.MockitoContextCustomizer@0, org.springframework.boot.test.web.client.TestRestTemplateContextCustomizer@7ecff6bd, org.springframework.boot.test.context.SpringBootTestArgs@1, org.springframework.boot.test.context.SpringBootTestWebEnvironment@111ec2da], resourceBasePath = 'src/main/webapp', contextLoader = 'org.springframework.boot.test.context.SpringBootContextLoader', parent = [null]], attributes = map['org.springframework.test.context.web.ServletTestExecutionListener.activateListener' -> true, 'org.springframework.test.context.web.ServletTestExecutionListener.populatedRequestContextHolder' -> true, 'org.springframework.test.context.web.ServletTestExecutionListener.resetRequestContextHolder' -> true, 'org.springframework.test.context.event.ApplicationEventsTestExecutionListener.recordApplicationEvents' -> false]]; transaction manager [org.springframework.orm.jpa.JpaTransactionManager@194f90b2]; rollback [true]
Hibernate: select member0_.id as id1_0_, member0_.name as name2_0_ from member member0_ where member0_.name=?
Hibernate: insert into member (id, name) values (null, ?)
Hibernate: select member0_.id as id1_0_, member0_.name as name2_0_ from member member0_ where member0_.name=?
2021-05-02 22:28:19.323  INFO 18137 --- [    Test worker] o.s.t.c.transaction.TransactionContext   : Rolled back transaction for test: [DefaultTestContext@61aaab16 testClass = MemberServiceIntegrationTest, testInstance = hello.hellospring.service.MemberServiceIntegrationTest@3552f78e, testMethod = duplicated_Exception@MemberServiceIntegrationTest, testException = [null], mergedContextConfiguration = [WebMergedContextConfiguration@507e1ab1 testClass = MemberServiceIntegrationTest, locations = '{}', classes = '{class hello.hellospring.HelloSpringApplication}', contextInitializerClasses = '[]', activeProfiles = '{}', propertySourceLocations = '{}', propertySourceProperties = '{org.springframework.boot.test.context.SpringBootTestContextBootstrapper=true}', contextCustomizers = set[org.springframework.boot.test.autoconfigure.actuate.metrics.MetricsExportContextCustomizerFactory$DisableMetricExportContextCustomizer@5d367e0c, org.springframework.boot.test.autoconfigure.properties.PropertyMappingContextCustomizer@0, org.springframework.boot.test.autoconfigure.web.servlet.WebDriverContextCustomizerFactory$Customizer@5128fcf7, org.springframework.boot.test.context.filter.ExcludeFilterContextCustomizer@78ba1e5, org.springframework.boot.test.json.DuplicateJsonObjectContextCustomizerFactory$DuplicateJsonObjectContextCustomizer@27e8bb93, org.springframework.boot.test.mock.mockito.MockitoContextCustomizer@0, org.springframework.boot.test.web.client.TestRestTemplateContextCustomizer@7ecff6bd, org.springframework.boot.test.context.SpringBootTestArgs@1, org.springframework.boot.test.context.SpringBootTestWebEnvironment@111ec2da], resourceBasePath = 'src/main/webapp', contextLoader = 'org.springframework.boot.test.context.SpringBootContextLoader', parent = [null]], attributes = map['org.springframework.test.context.web.ServletTestExecutionListener.activateListener' -> true, 'org.springframework.test.context.web.ServletTestExecutionListener.populatedRequestContextHolder' -> true, 'org.springframework.test.context.web.ServletTestExecutionListener.resetRequestContextHolder' -> true, 'org.springframework.test.context.event.ApplicationEventsTestExecutionListener.recordApplicationEvents' -> false]]
]]></system-out>
  <system-err><![CDATA[]]></system-err>
</testsuite>
