<?xml version="1.0" encoding="UTF-8"?>
<testsuite name="hello.hellospring.service.MemberServiceTest" tests="4" skipped="0" failures="0" errors="0" timestamp="2021-04-30T10:39:04" hostname="HwangSeungyeonnoMacBook-Pro.local" time="0.072">
  <properties/>
  <testcase name="findOne()" classname="hello.hellospring.service.MemberServiceTest" time="0.021"/>
  <testcase name="join()" classname="hello.hellospring.service.MemberServiceTest" time="0.046"/>
  <testcase name="duplicated_Exception()" classname="hello.hellospring.service.MemberServiceTest" time="0.004"/>
  <testcase name="findMembers()" classname="hello.hellospring.service.MemberServiceTest" time="0.0"/>
  <system-out><![CDATA[]]></system-out>
  <system-err><![CDATA[]]></system-err>
</testsuite>
